Random seed: 42
Time limit: 1800 seconds
Reading input from domain-problem.psas.
- State has 59 bits divided into 59 mutex groups.
- Domain contains 103 actions.
- Domain contains 135 tasks.
- Domain contains 179 methods.
- The initial state contains 14 set bits.
- The initial task is "__top[]".
- State-based goal contains 0 bits.
- Instance is totally-ordered: no
- Instance has unique paths: no
- Instance is parallel sequences: no
Calculate SCCs...
- Number of SCCs: 127
- The problem is cyclic
- Number of cyclic SCCs: 2
- Number of cyclic SCCs of size 1: 0
Selected Planning Algorithm: progression searchParsing heuristics ...
Number of specified heuristics: 1
Generate 3

RC Factory: CMA 1
- the option "store cuts" of the RC heuristic can only be used with the inner heuristic LM-Cut. It will be disabled.
- Calculating minimal implied distances and estimated costs (1 ms)
Heuristic #0 = hhRC2(ff;distance;correct count)
Search config:
 - type: greedy
 - weight: 1
 - suboptimal: true
Visited List configured
- mode: partial order
- hashs to use: state task task-sequence
- memory information: topological ordering order-pairs layer
- Visited list allows deletion of search nodes: false
Search Configuration
- Using JAIR 2020 progression algorithm
- Search is stopped after first solution is found.
- Greedy Search
   1s visitime    1.72s generated nodes      5003 nodes/sec    2870 cur h   31 mod.depth   30 inserts      3278 dups      1919 size      1359 hash fail   2521 hash buckets    757
   4s visitime    3.97s generated nodes     10004 nodes/sec    2489 cur h   32 mod.depth   28 inserts      6989 dups      4349 size      2640 hash fail   5577 hash buckets   1412
   6s visitime    6.34s generated nodes     15010 nodes/sec    2342 cur h   29 mod.depth   21 inserts     10613 dups      6922 size      3691 hash fail   8736 hash buckets   1877
   8s visitime    8.10s generated nodes     20010 nodes/sec    2447 cur h   31 mod.depth   25 inserts     13742 dups      9186 size      4556 hash fail  11506 hash buckets   2236
  10s visitime   10.20s generated nodes     25014 nodes/sec    2428 cur h   30 mod.depth   31 inserts     17034 dups     11558 size      5476 hash fail  14384 hash buckets   2650
  12s visitime   12.56s generated nodes     30015 nodes/sec    2367 cur h   32 mod.depth   29 inserts     20512 dups     14120 size      6392 hash fail  17443 hash buckets   3069
  15s visitime   15.39s generated nodes     35017 nodes/sec    2255 cur h   31 mod.depth   27 inserts     24729 dups     17304 size      7425 hash fail  21181 hash buckets   3548
  18s visitime   17.99s generated nodes     40019 nodes/sec    2205 cur h   28 mod.depth   32 inserts     28683 dups     20165 size      8518 hash fail  24645 hash buckets   4038
  20s visitime   20.45s generated nodes     45023 nodes/sec    2182 cur h   33 mod.depth   28 inserts     32408 dups     22547 size      9861 hash fail  27750 hash buckets   4658
  23s visitime   23.09s generated nodes     50028 nodes/sec    2147 cur h   33 mod.depth   27 inserts     36237 dups     25263 size     10974 hash fail  31046 hash buckets   5191
  26s visitime   26.06s generated nodes     55029 nodes/sec    2093 cur h   33 mod.depth   30 inserts     40144 dups     28179 size     11965 hash fail  34507 hash buckets   5637
  29s visitime   29.02s generated nodes     60037 nodes/sec    2051 cur h   33 mod.depth   27 inserts     44126 dups     31319 size     12807 hash fail  38084 hash buckets   6042
  32s visitime   31.92s generated nodes     65040 nodes/sec    2020 cur h   29 mod.depth   23 inserts     48118 dups     34597 size     13521 hash fail  41793 hash buckets   6325
  35s visitime   34.82s generated nodes     70045 nodes/sec    1994 cur h   30 mod.depth   23 inserts     52402 dups     37958 size     14444 hash fail  45719 hash buckets   6683
  37s visitime   37.45s generated nodes     75045 nodes/sec    1986 cur h   31 mod.depth   25 inserts     56569 dups     41068 size     15501 hash fail  49405 hash buckets   7164
  40s visitime   40.49s generated nodes     80046 nodes/sec    1960 cur h   31 mod.depth   27 inserts     60826 dups     44495 size     16331 hash fail  53406 hash buckets   7420
  43s visitime   43.53s generated nodes     85046 nodes/sec    1937 cur h   32 mod.depth   26 inserts     65147 dups     47998 size     17149 hash fail  57347 hash buckets   7800
  47s visitime   46.77s generated nodes     90055 nodes/sec    1909 cur h   32 mod.depth   25 inserts     69540 dups     51399 size     18141 hash fail  61300 hash buckets   8240
  50s visitime   50.00s generated nodes     95059 nodes/sec    1886 cur h   32 mod.depth   27 inserts     73788 dups     54693 size     19095 hash fail  65244 hash buckets   8544
  53s visitime   53.49s generated nodes    100066 nodes/sec    1856 cur h   32 mod.depth   26 inserts     78087 dups     58465 size     19622 hash fail  69386 hash buckets   8701
  57s visitime   56.99s generated nodes    105071 nodes/sec    1829 cur h   31 mod.depth   26 inserts     82305 dups     62080 size     20225 hash fail  73429 hash buckets   8876
  60s visitime   60.25s generated nodes    110074 nodes/sec    1813 cur h   32 mod.depth   28 inserts     86666 dups     65378 size     21288 hash fail  77250 hash buckets   9416
  64s visitime   63.58s generated nodes    115076 nodes/sec    1796 cur h   32 mod.depth   29 inserts     90979 dups     68445 size     22534 hash fail  80947 hash buckets  10032
  67s visitime   67.29s generated nodes    120080 nodes/sec    1771 cur h   33 mod.depth   28 inserts     95473 dups     72044 size     23429 hash fail  85031 hash buckets  10442
  71s visitime   71.12s generated nodes    125090 nodes/sec    1746 cur h   33 mod.depth   25 inserts     99968 dups     75729 size     24239 hash fail  89216 hash buckets  10752
  75s visitime   74.74s generated nodes    130094 nodes/sec    1728 cur h   33 mod.depth   28 inserts    104246 dups     79320 size     24926 hash fail  93260 hash buckets  10986
  79s visitime   78.64s generated nodes    135095 nodes/sec    1706 cur h   33 mod.depth   30 inserts    108688 dups     83147 size     25541 hash fail  97537 hash buckets  11151
  82s visitime   82.39s generated nodes    140104 nodes/sec    1689 cur h   33 mod.depth   27 inserts    113042 dups     86850 size     26192 hash fail 101687 hash buckets  11355
Search Results
- Search time 85.89 seconds
- Visited list time 85.32 seconds
- Visited list inserts 116637
- Visited list pruned 89831
- Visited list contains 26806
- Visited list hash collisions 105045
- Visited list used hash buckets 11592
- Generated 144444 search nodes
  Calculated heuristic for 123983 nodes
  One modifications 15086
  Effectless actions 5375
- including 15086 one modification actions
- including 0 one modification methods
- and       5375 progressions of effectless actions
- Generated 1443 nodes per second
- Final fringe contains 5638 nodes
- Status: Solved
- Found solution of length 50
- Total costs of actions: 21
==>
1 __method_precondition_m_deliver[l1,scalpel,u1]
3 __method_precondition_m_i_am_there[r1,central_warehouse]
44 fill[r1,b3,scalpel,central_warehouse]
80 pick-up[r1,b3,central_warehouse,c1,capacity_2,capacity_3]
81 move-carrier|instance_1[r1,c1,central_warehouse,l1]
82 drop[r1,b3,l1,u1,c1,capacity_2,capacity_3]
83 empty[r1,b3,scalpel,u1,l1]
84 __method_precondition_m_deliver[l1,aspirin,u1]
144256 __method_precondition_m_i_am_there[r1,l1]
144287 move-carrier|instance_2[r1,c1,l1,central_warehouse]
144327 fill[r1,b1,aspirin,central_warehouse]
144332 pick-up[r1,b1,central_warehouse,c1,capacity_2,capacity_3]
144333 move-carrier|instance_1[r1,c1,central_warehouse,l1]
144334 drop[r1,b1,l1,u1,c1,capacity_2,capacity_3]
144335 empty[r1,b1,aspirin,u1,l1]
144336 __method_precondition_m_deliver[l2,bandage,u2]
144397 move-carrier|instance_2[r1,c1,l1,central_warehouse]
144399 fill[r1,b2,bandage,central_warehouse]
144406 pick-up[r1,b2,central_warehouse,c1,capacity_2,capacity_3]
144407 move-carrier|instance_1[r1,c1,central_warehouse,l1]
144408 move-carrier|instance_1[r1,c1,l1,l2]
144409 drop[r1,b2,l2,u2,c1,capacity_2,capacity_3]
144410 empty[r1,b2,bandage,u2,l2]
144433 __method_precondition_m_i_am_there[r2,entrance]
144440 take-patient[r2,p1,entrance]
144441 move-robot|instance_1[r2,entrance,l1]
144442 release-patient[r2,p1,l1,u1]
root 0
144432 get_to[r2,entrance] -> m_i_am_there 144433
144415 get_to[r2,l1] -> <m_get_to_patient;move-robot[r2,entrance,l1];_method_for_multiple_expansions_of_move-robot|instance_1;0;-1> 144441
144379 get_to[r1,l1] -> <m_get_to_carrier;move-carrier[r1,c1,central_warehouse,l1];_method_for_multiple_expansions_of_move-carrier|instance_1;0;-1> 144407
144367 get_to[r1,l2] -> <m_get_to_via;move-carrier[r1,c1,l1,l2];_method_for_multiple_expansions_of_move-carrier|instance_1;1;0,-1> 144379 144408
144358 m_load_splitted_2[r1,b2,central_warehouse,c1] -> _splitting_method_m_load_splitted_2 144406
144354 load[r1,bandage] -> m_load 144399 144358
144345 get_to[r1,central_warehouse] -> <m_get_to_carrier;move-carrier[r1,c1,l1,central_warehouse];_method_for_multiple_expansions_of_move-carrier|instance_2;0;-1> 144397
144342 m_supply_splitted_3[r1,b2,l2,u2,c1] -> _splitting_method_m_supply_splitted_3 144409
144339 supply[r1,bandage,u2] -> m_supply 144410 144342
144286 get_to[r1,l1] -> <m_get_to_carrier;move-carrier[r1,c1,central_warehouse,l1];_method_for_multiple_expansions_of_move-carrier|instance_1;0;-1> 144333
144278 get_to[r1,central_warehouse] -> <m_get_to_via;move-carrier[r1,c1,l1,central_warehouse];_method_for_multiple_expansions_of_move-carrier|instance_2;1;0,-1> 144286 144287
144255 get_to[r1,l1] -> m_i_am_there 144256
144253 m_load_splitted_2[r1,b1,central_warehouse,c1] -> _splitting_method_m_load_splitted_2 144332
144250 load[r1,aspirin] -> m_load 144327 144253
91 m_supply_splitted_3[r1,b1,l1,u1,c1] -> _splitting_method_m_supply_splitted_3 144334
86 supply[r1,aspirin,u1] -> m_supply 144335 91
42 m_supply_splitted_3[r1,b3,l1,u1,c1] -> _splitting_method_m_supply_splitted_3 82
23 get_to[r1,l1] -> <m_get_to_carrier;move-carrier[r1,c1,central_warehouse,l1];_method_for_multiple_expansions_of_move-carrier|instance_1;0;-1> 81
20 supply[r1,scalpel,u1] -> m_supply 83 42
17 m_load_splitted_2[r1,b3,central_warehouse,c1] -> _splitting_method_m_load_splitted_2 80
15 load[r1,scalpel] -> m_load 44 17
2 get_to[r1,central_warehouse] -> m_i_am_there 3
0 __top[] -> <<<<<<__top_method;accompany[p1,u1];m_accompany;3;0,1,2,-1,-2>;m_accompany_splitted_1[r2,p1,u1];_splitting_method_m_accompany_splitted_1;4;0,1,2,3,-1,-2>;m_accompany_splitted_4[r2,p1];_splitting_method_m_accompany_splitted_4;3;0,1,2,-1,-2,4,5>;deliver[bandage,u2];m_deliver;2;0,1,-1,-2,-3,-4,-5,3,4,5,6>;deliver[aspirin,u1];m_deliver;1;0,-1,-2,-3,-4,-5,2,3,4,5,6,7,8,9,10>;deliver[scalpel,u1];m_deliver;0;-1,-2,-3,-4,-5,1,2,3,4,5,6,7,8,9,10,11,12,13,14> 1 20 23 15 2 84 86 144255 144250 144278 144336 144339 144367 144354 144345 144432 144440 144415 144442
<==
